The system is: CYGWIN - 2.8.2(0.313/5/3) - x86_64
Compiling the C compiler identification source file "CMakeCCompilerId.c" succeeded.
Compiler: /usr/bin/gcc.exe 
Build flags: 
Id flags: 

The output was:
0


Compilation of the C compiler identification source "CMakeCCompilerId.c" produced "a.exe"

The C compiler identification is GNU, found in "/cygdrive/c/Users/chrisyogini/CLionProjects/AlgoStudy/cmake-build-debug/CMakeFiles/3.6.2/CompilerIdC/a.exe"

Compiling the CXX compiler identification source file "CMakeCXXCompilerId.cpp" succeeded.
Compiler: /usr/bin/g++.exe 
Build flags: 
Id flags: 

The output was:
0


Compilation of the CXX compiler identification source "CMakeCXXCompilerId.cpp" produced "a.exe"

The CXX compiler identification is GNU, found in "/cygdrive/c/Users/chrisyogini/CLionProjects/AlgoStudy/cmake-build-debug/CMakeFiles/3.6.2/CompilerIdCXX/a.exe"

Determining if the C compiler works passed with the following output:
Change Dir: /cygdrive/c/Users/chrisyogini/CLionProjects/AlgoStudy/cmake-build-debug/CMakeFiles/CMakeTmp

Run Build Command:"/usr/bin/make.exe" "cmTC_f71e4/fast"
/usr/bin/make -f CMakeFiles/cmTC_f71e4.dir/build.make CMakeFiles/cmTC_f71e4.dir/build
make[1]: Entering directory '/cygdrive/c/Users/chrisyogini/CLionProjects/AlgoStudy/cmake-build-debug/CMakeFiles/CMakeTmp'
Building C object CMakeFiles/cmTC_f71e4.dir/testCCompiler.c.o
/usr/bin/gcc.exe     -o CMakeFiles/cmTC_f71e4.dir/testCCompiler.c.o   -c /cygdrive/c/Users/chrisyogini/CLionProjects/AlgoStudy/cmake-build-debug/CMakeFiles/CMakeTmp/testCCompiler.c
Linking C executable cmTC_f71e4.exe
/usr/bin/cmake.exe -E cmake_link_script CMakeFiles/cmTC_f71e4.dir/link.txt --verbose=1
/usr/bin/gcc.exe     -Wl,--enable-auto-import  CMakeFiles/cmTC_f71e4.dir/testCCompiler.c.o  -o cmTC_f71e4.exe -Wl,--out-implib,libcmTC_f71e4.dll.a -Wl,--major-image-version,0,--minor-image-version,0  
make[1]: Leaving directory '/cygdrive/c/Users/chrisyogini/CLionProjects/AlgoStudy/cmake-build-debug/CMakeFiles/CMakeTmp'


Detecting C compiler ABI info compiled with the following output:
Change Dir: /cygdrive/c/Users/chrisyogini/CLionProjects/AlgoStudy/cmake-build-debug/CMakeFiles/CMakeTmp

Run Build Command:"/usr/bin/make.exe" "cmTC_de74c/fast"
/usr/bin/make -f CMakeFiles/cmTC_de74c.dir/build.make CMakeFiles/cmTC_de74c.dir/build
make[1]: Entering directory '/cygdrive/c/Users/chrisyogini/CLionProjects/AlgoStudy/cmake-build-debug/CMakeFiles/CMakeTmp'
Building C object CMakeFiles/cmTC_de74c.dir/CMakeCCompilerABI.c.o
/usr/bin/gcc.exe     -o CMakeFiles/cmTC_de74c.dir/CMakeCCompilerABI.c.o   -c /usr/share/cmake-3.6.2/Modules/CMakeCCompilerABI.c
Linking C executable cmTC_de74c.exe
/usr/bin/cmake.exe -E cmake_link_script CMakeFiles/cmTC_de74c.dir/link.txt --verbose=1
/usr/bin/gcc.exe     -Wl,--enable-auto-import -v CMakeFiles/cmTC_de74c.dir/CMakeCCompilerABI.c.o  -o cmTC_de74c.exe -Wl,--out-implib,libcmTC_de74c.dll.a -Wl,--major-image-version,0,--minor-image-version,0   
Using built-in specs.
COLLECT_GCC=/usr/bin/gcc
COLLECT_LTO_WRAPPER=/usr/lib/gcc/x86_64-pc-cygwin/5.4.0/lto-wrapper.exe
Target: x86_64-pc-cygwin
Configured with: /cygdrive/i/szsz/tmpp/gcc/gcc-5.4.0-1.x86_64/src/gcc-5.4.0/configure --srcdir=/cygdrive/i/szsz/tmpp/gcc/gcc-5.4.0-1.x86_64/src/gcc-5.4.0 --prefix=/usr --exec-prefix=/usr --localstatedir=/var --sysconfdir=/etc --docdir=/usr/share/doc/gcc --htmldir=/usr/share/doc/gcc/html -C --build=x86_64-pc-cygwin --host=x86_64-pc-cygwin --target=x86_64-pc-cygwin --without-libiconv-prefix --without-libintl-prefix --libexecdir=/usr/lib --enable-shared --enable-shared-libgcc --enable-static --enable-version-specific-runtime-libs --enable-bootstrap --enable-__cxa_atexit --with-dwarf2 --with-tune=generic --enable-languages=ada,c,c++,fortran,lto,objc,obj-c++ --enable-graphite --enable-threads=posix --enable-libatomic --enable-libcilkrts --enable-libgomp --enable-libitm --enable-libquadmath --enable-libquadmath-support --enable-libssp --enable-libada --enable-libgcj-sublibs --disable-java-awt --disable-symvers --with-ecj-jar=/usr/share/java/ecj.jar --with-gnu-ld --with-gnu-as --with-cloog-include=/usr/include/cloog-isl --without-libiconv-prefix --without-libintl-prefix --with-system-zlib --enable-linker-build-id --with-default-libstdcxx-abi=gcc4-compatible
Thread model: posix
gcc version 5.4.0 (GCC) 
COMPILER_PATH=/usr/lib/gcc/x86_64-pc-cygwin/5.4.0/:/usr/lib/gcc/x86_64-pc-cygwin/5.4.0/:/usr/lib/gcc/x86_64-pc-cygwin/:/usr/lib/gcc/x86_64-pc-cygwin/5.4.0/:/usr/lib/gcc/x86_64-pc-cygwin/:/usr/lib/gcc/x86_64-pc-cygwin/5.4.0/../../../../x86_64-pc-cygwin/bin/
LIBRARY_PATH=/usr/lib/gcc/x86_64-pc-cygwin/5.4.0/:/usr/lib/gcc/x86_64-pc-cygwin/5.4.0/../../../../x86_64-pc-cygwin/lib/../lib/:/usr/lib/gcc/x86_64-pc-cygwin/5.4.0/../../../../lib/:/lib/../lib/:/usr/lib/../lib/:/usr/lib/gcc/x86_64-pc-cygwin/5.4.0/../../../../x86_64-pc-cygwin/lib/:/usr/lib/gcc/x86_64-pc-cygwin/5.4.0/../../../:/lib/:/usr/lib/
COLLECT_GCC_OPTIONS='-v' '-o' 'cmTC_de74c.exe' '-mtune=generic' '-march=x86-64'
 /usr/lib/gcc/x86_64-pc-cygwin/5.4.0/collect2.exe -plugin /usr/lib/gcc/x86_64-pc-cygwin/5.4.0/cyglto_plugin.dll -plugin-opt=/usr/lib/gcc/x86_64-pc-cygwin/5.4.0/lto-wrapper.exe -plugin-opt=-fresolution=/tmp/ccf7OkkR.res -plugin-opt=-pass-through=-lgcc_s -plugin-opt=-pass-through=-lgcc -plugin-opt=-pass-through=-lcygwin -plugin-opt=-pass-through=-ladvapi32 -plugin-opt=-pass-through=-lshell32 -plugin-opt=-pass-through=-luser32 -plugin-opt=-pass-through=-lkernel32 -plugin-opt=-pass-through=-lgcc_s -plugin-opt=-pass-through=-lgcc --build-id -m i386pep --wrap _Znwm --wrap _Znam --wrap _ZdlPv --wrap _ZdaPv --wrap _ZnwmRKSt9nothrow_t --wrap _ZnamRKSt9nothrow_t --wrap _ZdlPvRKSt9nothrow_t --wrap _ZdaPvRKSt9nothrow_t -Bdynamic --dll-search-prefix=cyg --tsaware -o cmTC_de74c.exe /usr/lib/gcc/x86_64-pc-cygwin/5.4.0/../../../../lib/crt0.o /usr/lib/gcc/x86_64-pc-cygwin/5.4.0/crtbegin.o -L/usr/lib/gcc/x86_64-pc-cygwin/5.4.0 -L/usr/lib/gcc/x86_64-pc-cygwin/5.4.0/../../../../x86_64-pc-cygwin/lib/../lib -L/usr/lib/gcc/x86_64-pc-cygwin/5.4.0/../../../../lib -L/lib/../lib -L/usr/lib/../lib -L/usr/lib/gcc/x86_64-pc-cygwin/5.4.0/../../../../x86_64-pc-cygwin/lib -L/usr/lib/gcc/x86_64-pc-cygwin/5.4.0/../../.. --enable-auto-import CMakeFiles/cmTC_de74c.dir/CMakeCCompilerABI.c.o --out-implib libcmTC_de74c.dll.a --major-image-version 0 --minor-image-version 0 -lgcc_s -lgcc -lcygwin -ladvapi32 -lshell32 -luser32 -lkernel32 -lgcc_s -lgcc /usr/lib/gcc/x86_64-pc-cygwin/5.4.0/../../../../lib/default-manifest.o /usr/lib/gcc/x86_64-pc-cygwin/5.4.0/crtend.o
make[1]: Leaving directory '/cygdrive/c/Users/chrisyogini/CLionProjects/AlgoStudy/cmake-build-debug/CMakeFiles/CMakeTmp'


Parsed C implicit link information from above output:
  link line regex: [^( *|.*[/\])(ld\.exe|([^/\]+-)?ld|collect2)[^/\]*( |$)]
  ignore line: [Change Dir: /cygdrive/c/Users/chrisyogini/CLionProjects/AlgoStudy/cmake-build-debug/CMakeFiles/CMakeTmp]
  ignore line: []
  ignore line: [Run Build Command:"/usr/bin/make.exe" "cmTC_de74c/fast"]
  ignore line: [/usr/bin/make -f CMakeFiles/cmTC_de74c.dir/build.make CMakeFiles/cmTC_de74c.dir/build]
  ignore line: [make[1]: Entering directory '/cygdrive/c/Users/chrisyogini/CLionProjects/AlgoStudy/cmake-build-debug/CMakeFiles/CMakeTmp']
  ignore line: [Building C object CMakeFiles/cmTC_de74c.dir/CMakeCCompilerABI.c.o]
  ignore line: [/usr/bin/gcc.exe     -o CMakeFiles/cmTC_de74c.dir/CMakeCCompilerABI.c.o   -c /usr/share/cmake-3.6.2/Modules/CMakeCCompilerABI.c]
  ignore line: [Linking C executable cmTC_de74c.exe]
  ignore line: [/usr/bin/cmake.exe -E cmake_link_script CMakeFiles/cmTC_de74c.dir/link.txt --verbose=1]
  ignore line: [/usr/bin/gcc.exe     -Wl,--enable-auto-import -v CMakeFiles/cmTC_de74c.dir/CMakeCCompilerABI.c.o  -o cmTC_de74c.exe -Wl,--out-implib,libcmTC_de74c.dll.a -Wl,--major-image-version,0,--minor-image-version,0   ]
  ignore line: [Using built-in specs.]
  ignore line: [COLLECT_GCC=/usr/bin/gcc]
  ignore line: [COLLECT_LTO_WRAPPER=/usr/lib/gcc/x86_64-pc-cygwin/5.4.0/lto-wrapper.exe]
  ignore line: [Target: x86_64-pc-cygwin]
  ignore line: [Configured with: /cygdrive/i/szsz/tmpp/gcc/gcc-5.4.0-1.x86_64/src/gcc-5.4.0/configure --srcdir=/cygdrive/i/szsz/tmpp/gcc/gcc-5.4.0-1.x86_64/src/gcc-5.4.0 --prefix=/usr --exec-prefix=/usr --localstatedir=/var --sysconfdir=/etc --docdir=/usr/share/doc/gcc --htmldir=/usr/share/doc/gcc/html -C --build=x86_64-pc-cygwin --host=x86_64-pc-cygwin --target=x86_64-pc-cygwin --without-libiconv-prefix --without-libintl-prefix --libexecdir=/usr/lib --enable-shared --enable-shared-libgcc --enable-static --enable-version-specific-runtime-libs --enable-bootstrap --enable-__cxa_atexit --with-dwarf2 --with-tune=generic --enable-languages=ada,c,c++,fortran,lto,objc,obj-c++ --enable-graphite --enable-threads=posix --enable-libatomic --enable-libcilkrts --enable-libgomp --enable-libitm --enable-libquadmath --enable-libquadmath-support --enable-libssp --enable-libada --enable-libgcj-sublibs --disable-java-awt --disable-symvers --with-ecj-jar=/usr/share/java/ecj.jar --with-gnu-ld --with-gnu-as --with-cloog-include=/usr/include/cloog-isl --without-libiconv-prefix --without-libintl-prefix --with-system-zlib --enable-linker-build-id --with-default-libstdcxx-abi=gcc4-compatible]
  ignore line: [Thread model: posix]
  ignore line: [gcc version 5.4.0 (GCC) ]
  ignore line: [COMPILER_PATH=/usr/lib/gcc/x86_64-pc-cygwin/5.4.0/:/usr/lib/gcc/x86_64-pc-cygwin/5.4.0/:/usr/lib/gcc/x86_64-pc-cygwin/:/usr/lib/gcc/x86_64-pc-cygwin/5.4.0/:/usr/lib/gcc/x86_64-pc-cygwin/:/usr/lib/gcc/x86_64-pc-cygwin/5.4.0/../../../../x86_64-pc-cygwin/bin/]
  ignore line: [LIBRARY_PATH=/usr/lib/gcc/x86_64-pc-cygwin/5.4.0/:/usr/lib/gcc/x86_64-pc-cygwin/5.4.0/../../../../x86_64-pc-cygwin/lib/../lib/:/usr/lib/gcc/x86_64-pc-cygwin/5.4.0/../../../../lib/:/lib/../lib/:/usr/lib/../lib/:/usr/lib/gcc/x86_64-pc-cygwin/5.4.0/../../../../x86_64-pc-cygwin/lib/:/usr/lib/gcc/x86_64-pc-cygwin/5.4.0/../../../:/lib/:/usr/lib/]
  ignore line: [COLLECT_GCC_OPTIONS='-v' '-o' 'cmTC_de74c.exe' '-mtune=generic' '-march=x86-64']
  link line: [ /usr/lib/gcc/x86_64-pc-cygwin/5.4.0/collect2.exe -plugin /usr/lib/gcc/x86_64-pc-cygwin/5.4.0/cyglto_plugin.dll -plugin-opt=/usr/lib/gcc/x86_64-pc-cygwin/5.4.0/lto-wrapper.exe -plugin-opt=-fresolution=/tmp/ccf7OkkR.res -plugin-opt=-pass-through=-lgcc_s -plugin-opt=-pass-through=-lgcc -plugin-opt=-pass-through=-lcygwin -plugin-opt=-pass-through=-ladvapi32 -plugin-opt=-pass-through=-lshell32 -plugin-opt=-pass-through=-luser32 -plugin-opt=-pass-through=-lkernel32 -plugin-opt=-pass-through=-lgcc_s -plugin-opt=-pass-through=-lgcc --build-id -m i386pep --wrap _Znwm --wrap _Znam --wrap _ZdlPv --wrap _ZdaPv --wrap _ZnwmRKSt9nothrow_t --wrap _ZnamRKSt9nothrow_t --wrap _ZdlPvRKSt9nothrow_t --wrap _ZdaPvRKSt9nothrow_t -Bdynamic --dll-search-prefix=cyg --tsaware -o cmTC_de74c.exe /usr/lib/gcc/x86_64-pc-cygwin/5.4.0/../../../../lib/crt0.o /usr/lib/gcc/x86_64-pc-cygwin/5.4.0/crtbegin.o -L/usr/lib/gcc/x86_64-pc-cygwin/5.4.0 -L/usr/lib/gcc/x86_64-pc-cygwin/5.4.0/../../../../x86_64-pc-cygwin/lib/../lib -L/usr/lib/gcc/x86_64-pc-cygwin/5.4.0/../../../../lib -L/lib/../lib -L/usr/lib/../lib -L/usr/lib/gcc/x86_64-pc-cygwin/5.4.0/../../../../x86_64-pc-cygwin/lib -L/usr/lib/gcc/x86_64-pc-cygwin/5.4.0/../../.. --enable-auto-import CMakeFiles/cmTC_de74c.dir/CMakeCCompilerABI.c.o --out-implib libcmTC_de74c.dll.a --major-image-version 0 --minor-image-version 0 -lgcc_s -lgcc -lcygwin -ladvapi32 -lshell32 -luser32 -lkernel32 -lgcc_s -lgcc /usr/lib/gcc/x86_64-pc-cygwin/5.4.0/../../../../lib/default-manifest.o /usr/lib/gcc/x86_64-pc-cygwin/5.4.0/crtend.o]
    arg [/usr/lib/gcc/x86_64-pc-cygwin/5.4.0/collect2.exe] ==> ignore
    arg [-plugin] ==> ignore
    arg [/usr/lib/gcc/x86_64-pc-cygwin/5.4.0/cyglto_plugin.dll] ==> ignore
    arg [-plugin-opt=/usr/lib/gcc/x86_64-pc-cygwin/5.4.0/lto-wrapper.exe] ==> ignore
    arg [-plugin-opt=-fresolution=/tmp/ccf7OkkR.res] ==> ignore
    arg [-plugin-opt=-pass-through=-lgcc_s] ==> ignore
    arg [-plugin-opt=-pass-through=-lgcc] ==> ignore
    arg [-plugin-opt=-pass-through=-lcygwin] ==> ignore
    arg [-plugin-opt=-pass-through=-ladvapi32] ==> ignore
    arg [-plugin-opt=-pass-through=-lshell32] ==> ignore
    arg [-plugin-opt=-pass-through=-luser32] ==> ignore
    arg [-plugin-opt=-pass-through=-lkernel32] ==> ignore
    arg [-plugin-opt=-pass-through=-lgcc_s] ==> ignore
    arg [-plugin-opt=-pass-through=-lgcc] ==> ignore
    arg [--build-id] ==> ignore
    arg [-m] ==> ignore
    arg [i386pep] ==> ignore
    arg [--wrap] ==> ignore
    arg [_Znwm] ==> ignore
    arg [--wrap] ==> ignore
    arg [_Znam] ==> ignore
    arg [--wrap] ==> ignore
    arg [_ZdlPv] ==> ignore
    arg [--wrap] ==> ignore
    arg [_ZdaPv] ==> ignore
    arg [--wrap] ==> ignore
    arg [_ZnwmRKSt9nothrow_t] ==> ignore
    arg [--wrap] ==> ignore
    arg [_ZnamRKSt9nothrow_t] ==> ignore
    arg [--wrap] ==> ignore
    arg [_ZdlPvRKSt9nothrow_t] ==> ignore
    arg [--wrap] ==> ignore
    arg [_ZdaPvRKSt9nothrow_t] ==> ignore
    arg [-Bdynamic] ==> ignore
    arg [--dll-search-prefix=cyg] ==> ignore
    arg [--tsaware] ==> ignore
    arg [-o] ==> ignore
    arg [cmTC_de74c.exe] ==> ignore
    arg [/usr/lib/gcc/x86_64-pc-cygwin/5.4.0/../../../../lib/crt0.o] ==> ignore
    arg [/usr/lib/gcc/x86_64-pc-cygwin/5.4.0/crtbegin.o] ==> ignore
    arg [-L/usr/lib/gcc/x86_64-pc-cygwin/5.4.0] ==> dir [/usr/lib/gcc/x86_64-pc-cygwin/5.4.0]
    arg [-L/usr/lib/gcc/x86_64-pc-cygwin/5.4.0/../../../../x86_64-pc-cygwin/lib/../lib] ==> dir [/usr/lib/gcc/x86_64-pc-cygwin/5.4.0/../../../../x86_64-pc-cygwin/lib/../lib]
    arg [-L/usr/lib/gcc/x86_64-pc-cygwin/5.4.0/../../../../lib] ==> dir [/usr/lib/gcc/x86_64-pc-cygwin/5.4.0/../../../../lib]
    arg [-L/lib/../lib] ==> dir [/lib/../lib]
    arg [-L/usr/lib/../lib] ==> dir [/usr/lib/../lib]
    arg [-L/usr/lib/gcc/x86_64-pc-cygwin/5.4.0/../../../../x86_64-pc-cygwin/lib] ==> dir [/usr/lib/gcc/x86_64-pc-cygwin/5.4.0/../../../../x86_64-pc-cygwin/lib]
    arg [-L/usr/lib/gcc/x86_64-pc-cygwin/5.4.0/../../..] ==> dir [/usr/lib/gcc/x86_64-pc-cygwin/5.4.0/../../..]
    arg [--enable-auto-import] ==> ignore
    arg [CMakeFiles/cmTC_de74c.dir/CMakeCCompilerABI.c.o] ==> ignore
    arg [--out-implib] ==> ignore
    arg [libcmTC_de74c.dll.a] ==> ignore
    arg [--major-image-version] ==> ignore
    arg [0] ==> ignore
    arg [--minor-image-version] ==> ignore
    arg [0] ==> ignore
    arg [-lgcc_s] ==> lib [gcc_s]
    arg [-lgcc] ==> lib [gcc]
    arg [-lcygwin] ==> lib [cygwin]
    arg [-ladvapi32] ==> lib [advapi32]
    arg [-lshell32] ==> lib [shell32]
    arg [-luser32] ==> lib [user32]
    arg [-lkernel32] ==> lib [kernel32]
    arg [-lgcc_s] ==> lib [gcc_s]
    arg [-lgcc] ==> lib [gcc]
    arg [/usr/lib/gcc/x86_64-pc-cygwin/5.4.0/../../../../lib/default-manifest.o] ==> ignore
    arg [/usr/lib/gcc/x86_64-pc-cygwin/5.4.0/crtend.o] ==> ignore
  remove lib [gcc_s]
  remove lib [gcc]
  remove lib [gcc_s]
  remove lib [gcc]
  collapse library dir [/usr/lib/gcc/x86_64-pc-cygwin/5.4.0] ==> [/usr/lib/gcc/x86_64-pc-cygwin/5.4.0]
  collapse library dir [/usr/lib/gcc/x86_64-pc-cygwin/5.4.0/../../../../x86_64-pc-cygwin/lib/../lib] ==> [/usr/x86_64-pc-cygwin/lib]
  collapse library dir [/usr/lib/gcc/x86_64-pc-cygwin/5.4.0/../../../../lib] ==> [/usr/lib]
  collapse library dir [/lib/../lib] ==> [/lib]
  collapse library dir [/usr/lib/../lib] ==> [/usr/lib]
  collapse library dir [/usr/lib/gcc/x86_64-pc-cygwin/5.4.0/../../../../x86_64-pc-cygwin/lib] ==> [/usr/x86_64-pc-cygwin/lib]
  collapse library dir [/usr/lib/gcc/x86_64-pc-cygwin/5.4.0/../../..] ==> [/usr/lib]
  implicit libs: [cygwin;advapi32;shell32;user32;kernel32]
  implicit dirs: [/usr/lib/gcc/x86_64-pc-cygwin/5.4.0;/usr/x86_64-pc-cygwin/lib;/usr/lib;/lib]
  implicit fwks: []




Detecting C [-std=c11] compiler features compiled with the following output:
Change Dir: /cygdrive/c/Users/chrisyogini/CLionProjects/AlgoStudy/cmake-build-debug/CMakeFiles/CMakeTmp

Run Build Command:"/usr/bin/make.exe" "cmTC_2962b/fast"
/usr/bin/make -f CMakeFiles/cmTC_2962b.dir/build.make CMakeFiles/cmTC_2962b.dir/build
make[1]: Entering directory '/cygdrive/c/Users/chrisyogini/CLionProjects/AlgoStudy/cmake-build-debug/CMakeFiles/CMakeTmp'
Building C object CMakeFiles/cmTC_2962b.dir/feature_tests.c.o
/usr/bin/gcc.exe    -std=c11 -o CMakeFiles/cmTC_2962b.dir/feature_tests.c.o   -c /cygdrive/c/Users/chrisyogini/CLionProjects/AlgoStudy/cmake-build-debug/CMakeFiles/feature_tests.c
Linking C executable cmTC_2962b.exe
/usr/bin/cmake.exe -E cmake_link_script CMakeFiles/cmTC_2962b.dir/link.txt --verbose=1
/usr/bin/gcc.exe     -Wl,--enable-auto-import  CMakeFiles/cmTC_2962b.dir/feature_tests.c.o  -o cmTC_2962b.exe -Wl,--out-implib,libcmTC_2962b.dll.a -Wl,--major-image-version,0,--minor-image-version,0  
make[1]: Leaving directory '/cygdrive/c/Users/chrisyogini/CLionProjects/AlgoStudy/cmake-build-debug/CMakeFiles/CMakeTmp'


    Feature record: C_FEATURE:1c_function_prototypes
    Feature record: C_FEATURE:1c_restrict
    Feature record: C_FEATURE:1c_static_assert
    Feature record: C_FEATURE:1c_variadic_macros


Detecting C [-std=c99] compiler features compiled with the following output:
Change Dir: /cygdrive/c/Users/chrisyogini/CLionProjects/AlgoStudy/cmake-build-debug/CMakeFiles/CMakeTmp

Run Build Command:"/usr/bin/make.exe" "cmTC_d613d/fast"
/usr/bin/make -f CMakeFiles/cmTC_d613d.dir/build.make CMakeFiles/cmTC_d613d.dir/build
make[1]: Entering directory '/cygdrive/c/Users/chrisyogini/CLionProjects/AlgoStudy/cmake-build-debug/CMakeFiles/CMakeTmp'
Building C object CMakeFiles/cmTC_d613d.dir/feature_tests.c.o
/usr/bin/gcc.exe    -std=c99 -o CMakeFiles/cmTC_d613d.dir/feature_tests.c.o   -c /cygdrive/c/Users/chrisyogini/CLionProjects/AlgoStudy/cmake-build-debug/CMakeFiles/feature_tests.c
Linking C executable cmTC_d613d.exe
/usr/bin/cmake.exe -E cmake_link_script CMakeFiles/cmTC_d613d.dir/link.txt --verbose=1
/usr/bin/gcc.exe     -Wl,--enable-auto-import  CMakeFiles/cmTC_d613d.dir/feature_tests.c.o  -o cmTC_d613d.exe -Wl,--out-implib,libcmTC_d613d.dll.a -Wl,--major-image-version,0,--minor-image-version,0  
make[1]: Leaving directory '/cygdrive/c/Users/chrisyogini/CLionProjects/AlgoStudy/cmake-build-debug/CMakeFiles/CMakeTmp'


    Feature record: C_FEATURE:1c_function_prototypes
    Feature record: C_FEATURE:1c_restrict
    Feature record: C_FEATURE:0c_static_assert
    Feature record: C_FEATURE:1c_variadic_macros


Detecting C [-std=c90] compiler features compiled with the following output:
Change Dir: /cygdrive/c/Users/chrisyogini/CLionProjects/AlgoStudy/cmake-build-debug/CMakeFiles/CMakeTmp

Run Build Command:"/usr/bin/make.exe" "cmTC_0d288/fast"
/usr/bin/make -f CMakeFiles/cmTC_0d288.dir/build.make CMakeFiles/cmTC_0d288.dir/build
make[1]: Entering directory '/cygdrive/c/Users/chrisyogini/CLionProjects/AlgoStudy/cmake-build-debug/CMakeFiles/CMakeTmp'
Building C object CMakeFiles/cmTC_0d288.dir/feature_tests.c.o
/usr/bin/gcc.exe    -std=c90 -o CMakeFiles/cmTC_0d288.dir/feature_tests.c.o   -c /cygdrive/c/Users/chrisyogini/CLionProjects/AlgoStudy/cmake-build-debug/CMakeFiles/feature_tests.c
Linking C executable cmTC_0d288.exe
/usr/bin/cmake.exe -E cmake_link_script CMakeFiles/cmTC_0d288.dir/link.txt --verbose=1
/usr/bin/gcc.exe     -Wl,--enable-auto-import  CMakeFiles/cmTC_0d288.dir/feature_tests.c.o  -o cmTC_0d288.exe -Wl,--out-implib,libcmTC_0d288.dll.a -Wl,--major-image-version,0,--minor-image-version,0  
make[1]: Leaving directory '/cygdrive/c/Users/chrisyogini/CLionProjects/AlgoStudy/cmake-build-debug/CMakeFiles/CMakeTmp'


    Feature record: C_FEATURE:1c_function_prototypes
    Feature record: C_FEATURE:0c_restrict
    Feature record: C_FEATURE:0c_static_assert
    Feature record: C_FEATURE:0c_variadic_macros
Determining if the CXX compiler works passed with the following output:
Change Dir: /cygdrive/c/Users/chrisyogini/CLionProjects/AlgoStudy/cmake-build-debug/CMakeFiles/CMakeTmp

Run Build Command:"/usr/bin/make.exe" "cmTC_db775/fast"
/usr/bin/make -f CMakeFiles/cmTC_db775.dir/build.make CMakeFiles/cmTC_db775.dir/build
make[1]: Entering directory '/cygdrive/c/Users/chrisyogini/CLionProjects/AlgoStudy/cmake-build-debug/CMakeFiles/CMakeTmp'
Building CXX object CMakeFiles/cmTC_db775.dir/testCXXCompiler.cxx.o
/usr/bin/g++.exe      -o CMakeFiles/cmTC_db775.dir/testCXXCompiler.cxx.o -c /cygdrive/c/Users/chrisyogini/CLionProjects/AlgoStudy/cmake-build-debug/CMakeFiles/CMakeTmp/testCXXCompiler.cxx
Linking CXX executable cmTC_db775.exe
/usr/bin/cmake.exe -E cmake_link_script CMakeFiles/cmTC_db775.dir/link.txt --verbose=1
/usr/bin/g++.exe     -Wl,--enable-auto-import  CMakeFiles/cmTC_db775.dir/testCXXCompiler.cxx.o  -o cmTC_db775.exe -Wl,--out-implib,libcmTC_db775.dll.a -Wl,--major-image-version,0,--minor-image-version,0  
make[1]: Leaving directory '/cygdrive/c/Users/chrisyogini/CLionProjects/AlgoStudy/cmake-build-debug/CMakeFiles/CMakeTmp'


